10-Sep-2019 09:11:43.793 INFO [main] org.apache.catalina.startup.VersionLoggerListener.log Server version:        Apache Tomcat/8.5.45
10-Sep-2019 09:11:43.796 INFO [main] org.apache.catalina.startup.VersionLoggerListener.log Server built:          Aug 14 2019 22:21:25 UTC
10-Sep-2019 09:11:43.796 INFO [main] org.apache.catalina.startup.VersionLoggerListener.log Server number:         8.5.45.0
10-Sep-2019 09:11:43.797 INFO [main] org.apache.catalina.startup.VersionLoggerListener.log OS Name:               Windows 10
10-Sep-2019 09:11:43.797 INFO [main] org.apache.catalina.startup.VersionLoggerListener.log OS Version:            10.0
10-Sep-2019 09:11:43.797 INFO [main] org.apache.catalina.startup.VersionLoggerListener.log Architecture:          amd64
10-Sep-2019 09:11:43.797 INFO [main] org.apache.catalina.startup.VersionLoggerListener.log Java Home:             C:\Program Files\Java\jdk1.8.0_221\jre
10-Sep-2019 09:11:43.797 INFO [main] org.apache.catalina.startup.VersionLoggerListener.log JVM Version:           1.8.0_221-b11
10-Sep-2019 09:11:43.797 INFO [main] org.apache.catalina.startup.VersionLoggerListener.log JVM Vendor:            Oracle Corporation
10-Sep-2019 09:11:43.797 INFO [main] org.apache.catalina.startup.VersionLoggerListener.log CATALINA_BASE:         D:\TomCat\apache-tomcat-8.5.45-windows-x64\apache-tomcat-8.5.45
10-Sep-2019 09:11:43.799 INFO [main] org.apache.catalina.startup.VersionLoggerListener.log CATALINA_HOME:         D:\TomCat\apache-tomcat-8.5.45-windows-x64\apache-tomcat-8.5.45
10-Sep-2019 09:11:43.799 INFO [main] org.apache.catalina.startup.VersionLoggerListener.log Command line argument: -Djava.util.logging.config.file=D:\TomCat\apache-tomcat-8.5.45-windows-x64\apache-tomcat-8.5.45\conf\logging.properties
10-Sep-2019 09:11:43.801 INFO [main] org.apache.catalina.startup.VersionLoggerListener.log Command line argument: -Djava.util.logging.manager=org.apache.juli.ClassLoaderLogManager
10-Sep-2019 09:11:43.801 INFO [main] org.apache.catalina.startup.VersionLoggerListener.log Command line argument: -Dhttp.nonProxyHosts=localhost|127.0.0.1|My_Pig
10-Sep-2019 09:11:43.801 INFO [main] org.apache.catalina.startup.VersionLoggerListener.log Command line argument: -Djdk.tls.ephemeralDHKeySize=2048
10-Sep-2019 09:11:43.801 INFO [main] org.apache.catalina.startup.VersionLoggerListener.log Command line argument: -Djava.protocol.handler.pkgs=org.apache.catalina.webresources
10-Sep-2019 09:11:43.801 INFO [main] org.apache.catalina.startup.VersionLoggerListener.log Command line argument: -Dignore.endorsed.dirs=
10-Sep-2019 09:11:43.801 INFO [main] org.apache.catalina.startup.VersionLoggerListener.log Command line argument: -Dcatalina.base=D:\TomCat\apache-tomcat-8.5.45-windows-x64\apache-tomcat-8.5.45
10-Sep-2019 09:11:43.801 INFO [main] org.apache.catalina.startup.VersionLoggerListener.log Command line argument: -Dcatalina.home=D:\TomCat\apache-tomcat-8.5.45-windows-x64\apache-tomcat-8.5.45
10-Sep-2019 09:11:43.801 INFO [main] org.apache.catalina.startup.VersionLoggerListener.log Command line argument: -Djava.io.tmpdir=D:\TomCat\apache-tomcat-8.5.45-windows-x64\apache-tomcat-8.5.45\temp
10-Sep-2019 09:11:43.801 INFO [main] org.apache.catalina.core.AprLifecycleListener.lifecycleEvent Loaded APR based Apache Tomcat Native library [1.2.23] using APR version [1.7.0].
10-Sep-2019 09:11:43.802 INFO [main] org.apache.catalina.core.AprLifecycleListener.lifecycleEvent APR capabilities: IPv6 [true], sendfile [true], accept filters [false], random [true].
10-Sep-2019 09:11:43.802 INFO [main] org.apache.catalina.core.AprLifecycleListener.lifecycleEvent APR/OpenSSL configuration: useAprConnector [false], useOpenSSL [true]
10-Sep-2019 09:11:43.870 INFO [main] org.apache.catalina.core.AprLifecycleListener.initializeSSL OpenSSL successfully initialized [OpenSSL 1.1.1c  28 May 2019]
10-Sep-2019 09:11:44.140 INFO [main] org.apache.coyote.AbstractProtocol.init Initializing ProtocolHandler ["http-nio-8080"]
10-Sep-2019 09:11:44.468 INFO [main] org.apache.tomcat.util.net.NioSelectorPool.getSharedSelector Using a shared selector for servlet write/read
10-Sep-2019 09:11:44.483 INFO [main] org.apache.coyote.AbstractProtocol.init Initializing ProtocolHandler ["ajp-nio-8009"]
10-Sep-2019 09:11:44.483 INFO [main] org.apache.tomcat.util.net.NioSelectorPool.getSharedSelector Using a shared selector for servlet write/read
10-Sep-2019 09:11:44.483 INFO [main] org.apache.catalina.startup.Catalina.load Initialization processed in 1361 ms
10-Sep-2019 09:11:44.531 INFO [main] org.apache.catalina.core.StandardService.startInternal Starting service [Catalina]
10-Sep-2019 09:11:44.532 INFO [main] org.apache.catalina.core.StandardEngine.startInternal Starting Servlet Engine: Apache Tomcat/8.5.45
10-Sep-2019 09:11:44.541 INFO [localhost-startStop-1] org.apache.catalina.startup.HostConfig.deployDescriptor Deploying configuration descriptor [D:\TomCat\apache-tomcat-8.5.45-windows-x64\apache-tomcat-8.5.45\conf\Catalina\localhost\WebApplication1.xml]
10-Sep-2019 09:11:44.658 WARNING [localhost-startStop-1] org.apache.catalina.startup.SetContextPropertiesRule.begin [SetContextPropertiesRule]{Context} Setting property 'antiJARLocking' to 'true' did not find a matching property.
10-Sep-2019 09:11:48.260 SEVERE [localhost-startStop-1] com.sun.xml.ws.transport.http.servlet.WSServletContextListener.parseAdaptersAndCreateDelegate WSSERVLET11: failed to parse runtime descriptor: The web service defined by the class HelloWorldServlet.HelloWorldServlet does not contain any valid WebMethods.
	com.sun.xml.ws.model.RuntimeModelerException: The web service defined by the class HelloWorldServlet.HelloWorldServlet does not contain any valid WebMethods.
		at com.sun.xml.ws.model.RuntimeModeler.buildRuntimeModel(RuntimeModeler.java:322)
		at com.sun.xml.ws.db.DatabindingImpl.<init>(DatabindingImpl.java:99)
		at com.sun.xml.ws.db.DatabindingProviderImpl.create(DatabindingProviderImpl.java:74)
		at com.sun.xml.ws.db.DatabindingProviderImpl.create(DatabindingProviderImpl.java:58)
		at com.sun.xml.ws.db.DatabindingFactoryImpl.createRuntime(DatabindingFactoryImpl.java:120)
		at com.sun.xml.ws.server.EndpointFactory.createSEIModel(EndpointFactory.java:521)
		at com.sun.xml.ws.server.EndpointFactory.create(EndpointFactory.java:300)
		at com.sun.xml.ws.server.EndpointFactory.createEndpoint(EndpointFactory.java:164)
		at com.sun.xml.ws.api.server.WSEndpoint.create(WSEndpoint.java:577)
		at com.sun.xml.ws.api.server.WSEndpoint.create(WSEndpoint.java:560)
		at com.sun.xml.ws.transport.http.DeploymentDescriptorParser.parseAdapters(DeploymentDescriptorParser.java:303)
		at com.sun.xml.ws.transport.http.DeploymentDescriptorParser.parse(DeploymentDescriptorParser.java:179)
		at com.sun.xml.ws.transport.http.servlet.WSServletContextListener.parseAdaptersAndCreateDelegate(WSServletContextListener.java:131)
		at com.sun.xml.ws.transport.http.servlet.WSServletContainerInitializer.onStartup(WSServletContainerInitializer.java:65)
		at org.apache.catalina.core.StandardContext.startInternal(StandardContext.java:5154)
		at org.apache.catalina.util.LifecycleBase.start(LifecycleBase.java:150)
		at org.apache.catalina.core.ContainerBase.addChildInternal(ContainerBase.java:743)
		at org.apache.catalina.core.ContainerBase.addChild(ContainerBase.java:719)
		at org.apache.catalina.core.StandardHost.addChild(StandardHost.java:714)
		at org.apache.catalina.startup.HostConfig.deployDescriptor(HostConfig.java:614)
		at org.apache.catalina.startup.HostConfig$DeployDescriptor.run(HostConfig.java:1823)
		at java.util.concurrent.Executors$RunnableAdapter.call(Executors.java:511)
		at java.util.concurrent.FutureTask.run(FutureTask.java:266)
		at java.util.concurrent.ThreadPoolExecutor.runWorker(ThreadPoolExecutor.java:1149)
		at java.util.concurrent.ThreadPoolExecutor$Worker.run(ThreadPoolExecutor.java:624)
		at java.lang.Thread.run(Thread.java:748)
10-Sep-2019 09:11:48.269 SEVERE [localhost-startStop-1] org.apache.catalina.core.StandardContext.startInternal Error during ServletContainerInitializer processing
	javax.servlet.ServletException: com.sun.xml.ws.transport.http.servlet.WSServletException: WSSERVLET11: failed to parse runtime descriptor: The web service defined by the class HelloWorldServlet.HelloWorldServlet does not contain any valid WebMethods.
		at com.sun.xml.ws.transport.http.servlet.WSServletContainerInitializer.onStartup(WSServletContainerInitializer.java:70)
		at org.apache.catalina.core.StandardContext.startInternal(StandardContext.java:5154)
		at org.apache.catalina.util.LifecycleBase.start(LifecycleBase.java:150)
		at org.apache.catalina.core.ContainerBase.addChildInternal(ContainerBase.java:743)
		at org.apache.catalina.core.ContainerBase.addChild(ContainerBase.java:719)
		at org.apache.catalina.core.StandardHost.addChild(StandardHost.java:714)
		at org.apache.catalina.startup.HostConfig.deployDescriptor(HostConfig.java:614)
		at org.apache.catalina.startup.HostConfig$DeployDescriptor.run(HostConfig.java:1823)
		at java.util.concurrent.Executors$RunnableAdapter.call(Executors.java:511)
		at java.util.concurrent.FutureTask.run(FutureTask.java:266)
		at java.util.concurrent.ThreadPoolExecutor.runWorker(ThreadPoolExecutor.java:1149)
		at java.util.concurrent.ThreadPoolExecutor$Worker.run(ThreadPoolExecutor.java:624)
		at java.lang.Thread.run(Thread.java:748)
	Caused by: com.sun.xml.ws.transport.http.servlet.WSServletException: WSSERVLET11: failed to parse runtime descriptor: The web service defined by the class HelloWorldServlet.HelloWorldServlet does not contain any valid WebMethods.
		at com.sun.xml.ws.transport.http.servlet.WSServletContextListener.parseAdaptersAndCreateDelegate(WSServletContextListener.java:141)
		at com.sun.xml.ws.transport.http.servlet.WSServletContainerInitializer.onStartup(WSServletContainerInitializer.java:65)
		... 12 more
	Caused by: com.sun.xml.ws.model.RuntimeModelerException: The web service defined by the class HelloWorldServlet.HelloWorldServlet does not contain any valid WebMethods.
		at com.sun.xml.ws.model.RuntimeModeler.buildRuntimeModel(RuntimeModeler.java:322)
		at com.sun.xml.ws.db.DatabindingImpl.<init>(DatabindingImpl.java:99)
		at com.sun.xml.ws.db.DatabindingProviderImpl.create(DatabindingProviderImpl.java:74)
		at com.sun.xml.ws.db.DatabindingProviderImpl.create(DatabindingProviderImpl.java:58)
		at com.sun.xml.ws.db.DatabindingFactoryImpl.createRuntime(DatabindingFactoryImpl.java:120)
		at com.sun.xml.ws.server.EndpointFactory.createSEIModel(EndpointFactory.java:521)
		at com.sun.xml.ws.server.EndpointFactory.create(EndpointFactory.java:300)
		at com.sun.xml.ws.server.EndpointFactory.createEndpoint(EndpointFactory.java:164)
		at com.sun.xml.ws.api.server.WSEndpoint.create(WSEndpoint.java:577)
		at com.sun.xml.ws.api.server.WSEndpoint.create(WSEndpoint.java:560)
		at com.sun.xml.ws.transport.http.DeploymentDescriptorParser.parseAdapters(DeploymentDescriptorParser.java:303)
		at com.sun.xml.ws.transport.http.DeploymentDescriptorParser.parse(DeploymentDescriptorParser.java:179)
		at com.sun.xml.ws.transport.http.servlet.WSServletContextListener.parseAdaptersAndCreateDelegate(WSServletContextListener.java:131)
		... 13 more
10-Sep-2019 09:11:48.412 SEVERE [localhost-startStop-1] org.apache.catalina.core.StandardContext.startInternal Context [/WebApplication1] startup failed due to previous errors
10-Sep-2019 09:11:48.522 SEVERE [localhost-startStop-1] org.apache.catalina.loader.WebappClassLoaderBase.checkThreadLocalMapForLeaks The web application [WebApplication1] created a ThreadLocal with key of type [com.sun.xml.ws.api.server.ThreadLocalContainerResolver$1] (value [com.sun.xml.ws.api.server.ThreadLocalContainerResolver$1@73d5bba1]) and a value of type [com.sun.xml.ws.api.server.Container.NoneContainer] (value [com.sun.xml.ws.api.server.Container$NoneContainer@fdcb2d4]) but failed to remove it when the web application was stopped. Threads are going to be renewed over time to try and avoid a probable memory leak.
10-Sep-2019 09:11:48.563 INFO [localhost-startStop-1] org.apache.catalina.startup.HostConfig.deployDescriptor Deployment of configuration descriptor [D:\TomCat\apache-tomcat-8.5.45-windows-x64\apache-tomcat-8.5.45\conf\Catalina\localhost\WebApplication1.xml] has finished in [4,022] ms
10-Sep-2019 09:11:48.563 INFO [localhost-startStop-1] org.apache.catalina.startup.HostConfig.deployDirectory Deploying web application directory [D:\TomCat\apache-tomcat-8.5.45-windows-x64\apache-tomcat-8.5.45\webapps\docs]
10-Sep-2019 09:11:48.730 INFO [localhost-startStop-1] org.apache.catalina.startup.HostConfig.deployDirectory Deployment of web application directory [D:\TomCat\apache-tomcat-8.5.45-windows-x64\apache-tomcat-8.5.45\webapps\docs] has finished in [167] ms
10-Sep-2019 09:11:48.730 INFO [localhost-startStop-1] org.apache.catalina.startup.HostConfig.deployDirectory Deploying web application directory [D:\TomCat\apache-tomcat-8.5.45-windows-x64\apache-tomcat-8.5.45\webapps\examples]
10-Sep-2019 09:11:50.186 INFO [localhost-startStop-1] org.apache.catalina.startup.HostConfig.deployDirectory Deployment of web application directory [D:\TomCat\apache-tomcat-8.5.45-windows-x64\apache-tomcat-8.5.45\webapps\examples] has finished in [1,456] ms
10-Sep-2019 09:11:50.186 INFO [localhost-startStop-1] org.apache.catalina.startup.HostConfig.deployDirectory Deploying web application directory [D:\TomCat\apache-tomcat-8.5.45-windows-x64\apache-tomcat-8.5.45\webapps\host-manager]
10-Sep-2019 09:11:50.249 INFO [localhost-startStop-1] org.apache.catalina.startup.HostConfig.deployDirectory Deployment of web application directory [D:\TomCat\apache-tomcat-8.5.45-windows-x64\apache-tomcat-8.5.45\webapps\host-manager] has finished in [63] ms
10-Sep-2019 09:11:50.249 INFO [localhost-startStop-1] org.apache.catalina.startup.HostConfig.deployDirectory Deploying web application directory [D:\TomCat\apache-tomcat-8.5.45-windows-x64\apache-tomcat-8.5.45\webapps\manager]
10-Sep-2019 09:11:50.323 INFO [localhost-startStop-1] org.apache.catalina.startup.HostConfig.deployDirectory Deployment of web application directory [D:\TomCat\apache-tomcat-8.5.45-windows-x64\apache-tomcat-8.5.45\webapps\manager] has finished in [74] ms
10-Sep-2019 09:11:50.323 INFO [localhost-startStop-1] org.apache.catalina.startup.HostConfig.deployDirectory Deploying web application directory [D:\TomCat\apache-tomcat-8.5.45-windows-x64\apache-tomcat-8.5.45\webapps\ROOT]
10-Sep-2019 09:11:50.367 INFO [localhost-startStop-1] org.apache.catalina.startup.HostConfig.deployDirectory Deployment of web application directory [D:\TomCat\apache-tomcat-8.5.45-windows-x64\apache-tomcat-8.5.45\webapps\ROOT] has finished in [44] ms
10-Sep-2019 09:11:50.372 INFO [main] org.apache.coyote.AbstractProtocol.start Starting ProtocolHandler ["http-nio-8080"]
10-Sep-2019 09:11:50.391 INFO [main] org.apache.coyote.AbstractProtocol.start Starting ProtocolHandler ["ajp-nio-8009"]
10-Sep-2019 09:11:50.392 INFO [main] org.apache.catalina.startup.Catalina.start Server startup in 5907 ms
10-Sep-2019 09:11:53.047 INFO [http-nio-8080-exec-1] org.apache.catalina.startup.HostConfig.deployDescriptor Deploying configuration descriptor [D:\TomCat\apache-tomcat-8.5.45-windows-x64\apache-tomcat-8.5.45\conf\Catalina\localhost\mavenproject2.xml]
10-Sep-2019 09:11:53.319 INFO [http-nio-8080-exec-1] org.apache.catalina.startup.HostConfig.deployDescriptor Deployment of configuration descriptor [D:\TomCat\apache-tomcat-8.5.45-windows-x64\apache-tomcat-8.5.45\conf\Catalina\localhost\mavenproject2.xml] has finished in [272] ms
10-Sep-2019 09:11:53.335 INFO [http-nio-8080-exec-1] org.apache.catalina.util.LifecycleBase.start The start() method was called on component [StandardEngine[Catalina].StandardHost[localhost].StandardContext[/mavenproject2]] after start() had already been called. The second call will be ignored.
10-Sep-2019 09:37:32.819 INFO [ContainerBackgroundProcessor[StandardEngine[Catalina]]] org.apache.catalina.startup.HostConfig.undeploy Undeploying context [/mavenproject2]
10-Sep-2019 09:37:33.161 INFO [localhost-startStop-2] org.apache.catalina.startup.HostConfig.deployDescriptor Deploying configuration descriptor [D:\TomCat\apache-tomcat-8.5.45-windows-x64\apache-tomcat-8.5.45\conf\Catalina\localhost\mavenproject2.xml]
10-Sep-2019 09:37:33.226 SEVERE [localhost-startStop-2] org.apache.catalina.core.ContainerBase.addChildInternal ContainerBase.addChild: start: 
	org.apache.catalina.LifecycleException: Failed to start component [StandardEngine[Catalina].StandardHost[localhost].StandardContext[/mavenproject2]]
		at org.apache.catalina.util.LifecycleBase.start(LifecycleBase.java:167)
		at org.apache.catalina.core.ContainerBase.addChildInternal(ContainerBase.java:743)
		at org.apache.catalina.core.ContainerBase.addChild(ContainerBase.java:719)
		at org.apache.catalina.core.StandardHost.addChild(StandardHost.java:714)
		at org.apache.catalina.startup.HostConfig.deployDescriptor(HostConfig.java:614)
		at org.apache.catalina.startup.HostConfig$DeployDescriptor.run(HostConfig.java:1823)
		at java.util.concurrent.Executors$RunnableAdapter.call(Executors.java:511)
		at java.util.concurrent.FutureTask.run(FutureTask.java:266)
		at java.util.concurrent.ThreadPoolExecutor.runWorker(ThreadPoolExecutor.java:1149)
		at java.util.concurrent.ThreadPoolExecutor$Worker.run(ThreadPoolExecutor.java:624)
		at java.lang.Thread.run(Thread.java:748)
	Caused by: org.apache.catalina.LifecycleException: Failed to start component [org.apache.catalina.webresources.StandardRoot@1c6c33cf]
		at org.apache.catalina.util.LifecycleBase.start(LifecycleBase.java:167)
		at org.apache.catalina.core.StandardContext.resourcesStart(StandardContext.java:4814)
		at org.apache.catalina.core.StandardContext.startInternal(StandardContext.java:4949)
		at org.apache.catalina.util.LifecycleBase.start(LifecycleBase.java:150)
		... 10 more
	Caused by: java.lang.IllegalArgumentException: The main resource set specified [D:\LAP-CNMP\mavenproject2\target\mavenproject2-1.0-SNAPSHOT] is not valid
		at org.apache.catalina.webresources.StandardRoot.createMainResourceSet(StandardRoot.java:748)
		at org.apache.catalina.webresources.StandardRoot.startInternal(StandardRoot.java:706)
		at org.apache.catalina.util.LifecycleBase.start(LifecycleBase.java:150)
		... 13 more
10-Sep-2019 09:37:33.236 SEVERE [localhost-startStop-2] org.apache.catalina.startup.HostConfig.deployDescriptor Error deploying configuration descriptor [D:\TomCat\apache-tomcat-8.5.45-windows-x64\apache-tomcat-8.5.45\conf\Catalina\localhost\mavenproject2.xml]
	java.lang.IllegalStateException: ContainerBase.addChild: start: org.apache.catalina.LifecycleException: Failed to start component [StandardEngine[Catalina].StandardHost[localhost].StandardContext[/mavenproject2]]
		at org.apache.catalina.core.ContainerBase.addChildInternal(ContainerBase.java:747)
		at org.apache.catalina.core.ContainerBase.addChild(ContainerBase.java:719)
		at org.apache.catalina.core.StandardHost.addChild(StandardHost.java:714)
		at org.apache.catalina.startup.HostConfig.deployDescriptor(HostConfig.java:614)
		at org.apache.catalina.startup.HostConfig$DeployDescriptor.run(HostConfig.java:1823)
		at java.util.concurrent.Executors$RunnableAdapter.call(Executors.java:511)
		at java.util.concurrent.FutureTask.run(FutureTask.java:266)
		at java.util.concurrent.ThreadPoolExecutor.runWorker(ThreadPoolExecutor.java:1149)
		at java.util.concurrent.ThreadPoolExecutor$Worker.run(ThreadPoolExecutor.java:624)
		at java.lang.Thread.run(Thread.java:748)
10-Sep-2019 09:37:33.243 INFO [localhost-startStop-2] org.apache.catalina.startup.HostConfig.deployDescriptor Deployment of configuration descriptor [D:\TomCat\apache-tomcat-8.5.45-windows-x64\apache-tomcat-8.5.45\conf\Catalina\localhost\mavenproject2.xml] has finished in [81] ms
10-Sep-2019 09:43:41.330 INFO [main] org.apache.catalina.core.StandardServer.await A valid shutdown command was received via the shutdown port. Stopping the Server instance.
10-Sep-2019 09:43:41.333 INFO [main] org.apache.coyote.AbstractProtocol.pause Pausing ProtocolHandler ["http-nio-8080"]
10-Sep-2019 09:43:41.879 INFO [main] org.apache.coyote.AbstractProtocol.pause Pausing ProtocolHandler ["ajp-nio-8009"]
10-Sep-2019 09:43:42.090 INFO [main] org.apache.catalina.core.StandardService.stopInternal Stopping service [Catalina]
10-Sep-2019 09:43:42.296 INFO [main] org.apache.coyote.AbstractProtocol.stop Stopping ProtocolHandler ["http-nio-8080"]
10-Sep-2019 09:43:42.313 INFO [main] org.apache.coyote.AbstractProtocol.stop Stopping ProtocolHandler ["ajp-nio-8009"]
10-Sep-2019 09:43:42.324 INFO [main] org.apache.coyote.AbstractProtocol.destroy Destroying ProtocolHandler ["http-nio-8080"]
10-Sep-2019 09:43:42.327 INFO [main] org.apache.coyote.AbstractProtocol.destroy Destroying ProtocolHandler ["ajp-nio-8009"]
