09-Nov-2019 00:01:53.753 INFO [http-nio-8080-exec-42] org.apache.catalina.core.StandardContext.reload Reloading Context with name [/WebApp] has started
09-Nov-2019 00:01:56.911 INFO [http-nio-8080-exec-42] org.apache.jasper.servlet.TldScanner.scanJars At least one JAR was scanned for TLDs yet contained no TLDs. Enable debug logging for this logger for a complete list of JARs that were scanned but no TLDs were found in them. Skipping unneeded JARs during scanning can improve startup time and JSP compilation time.
09-Nov-2019 00:01:56.958 INFO [http-nio-8080-exec-42] org.apache.catalina.core.StandardContext.reload Reloading Context with name [/WebApp] is completed
09-Nov-2019 00:02:24.182 INFO [http-nio-8080-exec-43] org.apache.catalina.startup.HostConfig.undeploy Undeploying context [/WebApp]
09-Nov-2019 00:02:24.286 INFO [http-nio-8080-exec-45] org.apache.catalina.startup.HostConfig.deployDescriptor Deploying configuration descriptor [D:\TomCat\apache-tomcat-8.5.45-windows-x64\apache-tomcat-8.5.45\conf\Catalina\localhost\WebApp.xml]
09-Nov-2019 00:02:25.188 INFO [http-nio-8080-exec-45] org.apache.jasper.servlet.TldScanner.scanJars At least one JAR was scanned for TLDs yet contained no TLDs. Enable debug logging for this logger for a complete list of JARs that were scanned but no TLDs were found in them. Skipping unneeded JARs during scanning can improve startup time and JSP compilation time.
09-Nov-2019 00:02:25.192 INFO [http-nio-8080-exec-45] org.apache.catalina.startup.HostConfig.deployDescriptor Deployment of configuration descriptor [D:\TomCat\apache-tomcat-8.5.45-windows-x64\apache-tomcat-8.5.45\conf\Catalina\localhost\WebApp.xml] has finished in [906] ms
09-Nov-2019 00:02:25.199 INFO [http-nio-8080-exec-48] org.apache.catalina.util.LifecycleBase.start The start() method was called on component [StandardEngine[Catalina].StandardHost[localhost].StandardContext[/WebApp]] after start() had already been called. The second call will be ignored.
09-Nov-2019 00:05:03.325 INFO [http-nio-8080-exec-59] org.apache.catalina.startup.HostConfig.undeploy Undeploying context [/WebApp]
09-Nov-2019 00:05:03.381 INFO [http-nio-8080-exec-52] org.apache.catalina.startup.HostConfig.deployDescriptor Deploying configuration descriptor [D:\TomCat\apache-tomcat-8.5.45-windows-x64\apache-tomcat-8.5.45\conf\Catalina\localhost\WebApp.xml]
09-Nov-2019 00:05:04.438 INFO [http-nio-8080-exec-52] org.apache.jasper.servlet.TldScanner.scanJars At least one JAR was scanned for TLDs yet contained no TLDs. Enable debug logging for this logger for a complete list of JARs that were scanned but no TLDs were found in them. Skipping unneeded JARs during scanning can improve startup time and JSP compilation time.
09-Nov-2019 00:05:04.448 INFO [http-nio-8080-exec-52] org.apache.catalina.startup.HostConfig.deployDescriptor Deployment of configuration descriptor [D:\TomCat\apache-tomcat-8.5.45-windows-x64\apache-tomcat-8.5.45\conf\Catalina\localhost\WebApp.xml] has finished in [1,066] ms
09-Nov-2019 00:05:04.457 INFO [http-nio-8080-exec-54] org.apache.catalina.util.LifecycleBase.start The start() method was called on component [StandardEngine[Catalina].StandardHost[localhost].StandardContext[/WebApp]] after start() had already been called. The second call will be ignored.
09-Nov-2019 00:06:57.063 INFO [http-nio-8080-exec-68] org.apache.catalina.startup.HostConfig.undeploy Undeploying context [/WebApp]
09-Nov-2019 00:06:57.100 INFO [http-nio-8080-exec-61] org.apache.catalina.startup.HostConfig.deployDescriptor Deploying configuration descriptor [D:\TomCat\apache-tomcat-8.5.45-windows-x64\apache-tomcat-8.5.45\conf\Catalina\localhost\WebApp.xml]
09-Nov-2019 00:06:58.983 INFO [http-nio-8080-exec-61] org.apache.jasper.servlet.TldScanner.scanJars At least one JAR was scanned for TLDs yet contained no TLDs. Enable debug logging for this logger for a complete list of JARs that were scanned but no TLDs were found in them. Skipping unneeded JARs during scanning can improve startup time and JSP compilation time.
09-Nov-2019 00:06:58.990 INFO [http-nio-8080-exec-61] org.apache.catalina.startup.HostConfig.deployDescriptor Deployment of configuration descriptor [D:\TomCat\apache-tomcat-8.5.45-windows-x64\apache-tomcat-8.5.45\conf\Catalina\localhost\WebApp.xml] has finished in [1,888] ms
09-Nov-2019 00:06:58.998 INFO [http-nio-8080-exec-71] org.apache.catalina.util.LifecycleBase.start The start() method was called on component [StandardEngine[Catalina].StandardHost[localhost].StandardContext[/WebApp]] after start() had already been called. The second call will be ignored.
09-Nov-2019 00:07:11.110 INFO [http-nio-8080-exec-72] org.apache.catalina.startup.HostConfig.undeploy Undeploying context [/WebApp]
09-Nov-2019 00:07:11.133 INFO [http-nio-8080-exec-62] org.apache.catalina.startup.HostConfig.deployDescriptor Deploying configuration descriptor [D:\TomCat\apache-tomcat-8.5.45-windows-x64\apache-tomcat-8.5.45\conf\Catalina\localhost\WebApp.xml]
09-Nov-2019 00:07:11.843 INFO [http-nio-8080-exec-62] org.apache.jasper.servlet.TldScanner.scanJars At least one JAR was scanned for TLDs yet contained no TLDs. Enable debug logging for this logger for a complete list of JARs that were scanned but no TLDs were found in them. Skipping unneeded JARs during scanning can improve startup time and JSP compilation time.
09-Nov-2019 00:07:11.847 INFO [http-nio-8080-exec-62] org.apache.catalina.startup.HostConfig.deployDescriptor Deployment of configuration descriptor [D:\TomCat\apache-tomcat-8.5.45-windows-x64\apache-tomcat-8.5.45\conf\Catalina\localhost\WebApp.xml] has finished in [714] ms
09-Nov-2019 00:07:11.852 INFO [http-nio-8080-exec-68] org.apache.catalina.util.LifecycleBase.start The start() method was called on component [StandardEngine[Catalina].StandardHost[localhost].StandardContext[/WebApp]] after start() had already been called. The second call will be ignored.
09-Nov-2019 00:17:13.688 INFO [http-nio-8080-exec-76] org.apache.catalina.startup.HostConfig.undeploy Undeploying context [/WebApp]
09-Nov-2019 00:17:13.793 INFO [http-nio-8080-exec-80] org.apache.catalina.startup.HostConfig.deployDescriptor Deploying configuration descriptor [D:\TomCat\apache-tomcat-8.5.45-windows-x64\apache-tomcat-8.5.45\conf\Catalina\localhost\WebApp.xml]
09-Nov-2019 00:17:17.544 INFO [http-nio-8080-exec-80] org.apache.jasper.servlet.TldScanner.scanJars At least one JAR was scanned for TLDs yet contained no TLDs. Enable debug logging for this logger for a complete list of JARs that were scanned but no TLDs were found in them. Skipping unneeded JARs during scanning can improve startup time and JSP compilation time.
09-Nov-2019 00:17:17.579 INFO [http-nio-8080-exec-80] org.apache.catalina.startup.HostConfig.deployDescriptor Deployment of configuration descriptor [D:\TomCat\apache-tomcat-8.5.45-windows-x64\apache-tomcat-8.5.45\conf\Catalina\localhost\WebApp.xml] has finished in [3,772] ms
09-Nov-2019 00:17:17.597 INFO [http-nio-8080-exec-82] org.apache.catalina.util.LifecycleBase.start The start() method was called on component [StandardEngine[Catalina].StandardHost[localhost].StandardContext[/WebApp]] after start() had already been called. The second call will be ignored.
09-Nov-2019 00:18:41.314 INFO [http-nio-8080-exec-92] org.apache.catalina.startup.HostConfig.undeploy Undeploying context [/WebApp]
09-Nov-2019 00:18:41.353 INFO [http-nio-8080-exec-91] org.apache.catalina.startup.HostConfig.deployDescriptor Deploying configuration descriptor [D:\TomCat\apache-tomcat-8.5.45-windows-x64\apache-tomcat-8.5.45\conf\Catalina\localhost\WebApp.xml]
09-Nov-2019 00:18:55.221 INFO [http-nio-8080-exec-91] org.apache.jasper.servlet.TldScanner.scanJars At least one JAR was scanned for TLDs yet contained no TLDs. Enable debug logging for this logger for a complete list of JARs that were scanned but no TLDs were found in them. Skipping unneeded JARs during scanning can improve startup time and JSP compilation time.
09-Nov-2019 00:18:55.229 INFO [http-nio-8080-exec-91] org.apache.catalina.startup.HostConfig.deployDescriptor Deployment of configuration descriptor [D:\TomCat\apache-tomcat-8.5.45-windows-x64\apache-tomcat-8.5.45\conf\Catalina\localhost\WebApp.xml] has finished in [13,874] ms
09-Nov-2019 00:18:55.238 INFO [http-nio-8080-exec-94] org.apache.catalina.util.LifecycleBase.start The start() method was called on component [StandardEngine[Catalina].StandardHost[localhost].StandardContext[/WebApp]] after start() had already been called. The second call will be ignored.
09-Nov-2019 00:31:37.245 INFO [http-nio-8080-exec-102] org.apache.catalina.startup.HostConfig.undeploy Undeploying context [/WebApp]
09-Nov-2019 00:31:37.353 INFO [http-nio-8080-exec-97] org.apache.catalina.startup.HostConfig.deployDescriptor Deploying configuration descriptor [D:\TomCat\apache-tomcat-8.5.45-windows-x64\apache-tomcat-8.5.45\conf\Catalina\localhost\WebApp.xml]
09-Nov-2019 00:31:39.134 INFO [http-nio-8080-exec-97] org.apache.jasper.servlet.TldScanner.scanJars At least one JAR was scanned for TLDs yet contained no TLDs. Enable debug logging for this logger for a complete list of JARs that were scanned but no TLDs were found in them. Skipping unneeded JARs during scanning can improve startup time and JSP compilation time.
09-Nov-2019 00:31:39.156 INFO [http-nio-8080-exec-97] org.apache.catalina.startup.HostConfig.deployDescriptor Deployment of configuration descriptor [D:\TomCat\apache-tomcat-8.5.45-windows-x64\apache-tomcat-8.5.45\conf\Catalina\localhost\WebApp.xml] has finished in [1,799] ms
09-Nov-2019 00:31:39.165 INFO [http-nio-8080-exec-96] org.apache.catalina.util.LifecycleBase.start The start() method was called on component [StandardEngine[Catalina].StandardHost[localhost].StandardContext[/WebApp]] after start() had already been called. The second call will be ignored.
09-Nov-2019 00:32:49.733 INFO [main] org.apache.catalina.core.StandardServer.await A valid shutdown command was received via the shutdown port. Stopping the Server instance.
09-Nov-2019 00:32:49.739 INFO [main] org.apache.coyote.AbstractProtocol.pause Pausing ProtocolHandler ["http-nio-8080"]
09-Nov-2019 00:32:49.977 INFO [main] org.apache.coyote.AbstractProtocol.pause Pausing ProtocolHandler ["ajp-nio-8009"]
09-Nov-2019 00:32:50.190 INFO [main] org.apache.catalina.core.StandardService.stopInternal Stopping service [Catalina]
09-Nov-2019 00:32:50.363 INFO [main] org.apache.coyote.AbstractProtocol.stop Stopping ProtocolHandler ["http-nio-8080"]
09-Nov-2019 00:32:50.370 INFO [main] org.apache.coyote.AbstractProtocol.stop Stopping ProtocolHandler ["ajp-nio-8009"]
09-Nov-2019 00:32:50.373 INFO [main] org.apache.coyote.AbstractProtocol.destroy Destroying ProtocolHandler ["http-nio-8080"]
09-Nov-2019 00:32:50.376 INFO [main] org.apache.coyote.AbstractProtocol.destroy Destroying ProtocolHandler ["ajp-nio-8009"]
